
events.js:72
        throw er; // Unhandled 'error' event
              ^
Error: listen EACCES
    at errnoException (net.js:904:11)
    at Server._listen2 (net.js:1023:19)
    at listen (net.js:1064:10)
    at net.js:1146:9
    at dns.js:72:18
    at process._tickCallback (node.js:419:13)
    at Function.Module.runMain (module.js:499:11)
    at startup (node.js:119:16)
    at node.js:906:3

module.js:340
    throw err;
          ^
Error: Cannot find module '/Users/adamcooper/code/theadamcooper/http-server'
    at Function.Module._resolveFilename (module.js:338:15)
    at Function.Module._load (module.js:280:25)
    at Function.Module.runMain (module.js:497:10)
    at startup (node.js:119:16)
    at node.js:906:3
[33mStarting up http-server, serving [39m[36m./[39m[33m on: [39m[36mhttp://0.0.0.0:8080[39m
Hit CTRL-C to stop the server
[Thu, 18 Jun 2015 18:54:10 GMT] "[36mGET[39m [36m/[39m" "Mozilla/5.0 (Macintosh; Intel Mac OS X 10_10_3) AppleWebKit/537.36 (KHTML, like Gecko) Chrome/43.0.2357.124 Safari/537.36"
[Thu, 18 Jun 2015 18:54:10 GMT] "[36mGET[39m [36m/css/stylesheet.css[39m" "Mozilla/5.0 (Macintosh; Intel Mac OS X 10_10_3) AppleWebKit/537.36 (KHTML, like Gecko) Chrome/43.0.2357.124 Safari/537.36"
[Thu, 18 Jun 2015 18:54:10 GMT] "[36mGET[39m [36m/images/profile_photo.jpg[39m" "Mozilla/5.0 (Macintosh; Intel Mac OS X 10_10_3) AppleWebKit/537.36 (KHTML, like Gecko) Chrome/43.0.2357.124 Safari/537.36"
[Thu, 18 Jun 2015 18:54:10 GMT] "[36mGET[39m [36m/js/parallax.min.js[39m" "Mozilla/5.0 (Macintosh; Intel Mac OS X 10_10_3) AppleWebKit/537.36 (KHTML, like Gecko) Chrome/43.0.2357.124 Safari/537.36"
[Thu, 18 Jun 2015 18:54:10 GMT] "[36mGET[39m [36m/js/index.js[39m" "Mozilla/5.0 (Macintosh; Intel Mac OS X 10_10_3) AppleWebKit/537.36 (KHTML, like Gecko) Chrome/43.0.2357.124 Safari/537.36"
[Thu, 18 Jun 2015 18:54:10 GMT] "[36mGET[39m [36m/images/amc_ga_02_portrait.jpg[39m" "Mozilla/5.0 (Macintosh; Intel Mac OS X 10_10_3) AppleWebKit/537.36 (KHTML, like Gecko) Chrome/43.0.2357.124 Safari/537.36"
[Thu, 18 Jun 2015 18:54:10 GMT] "[36mGET[39m [36m/images/speeches_cut.png[39m" "Mozilla/5.0 (Macintosh; Intel Mac OS X 10_10_3) AppleWebKit/537.36 (KHTML, like Gecko) Chrome/43.0.2357.124 Safari/537.36"
[Thu, 18 Jun 2015 18:54:10 GMT] "[36mGET[39m [36m/images/choperator_cut.png[39m" "Mozilla/5.0 (Macintosh; Intel Mac OS X 10_10_3) AppleWebKit/537.36 (KHTML, like Gecko) Chrome/43.0.2357.124 Safari/537.36"
[Thu, 18 Jun 2015 18:54:10 GMT] "[36mGET[39m [36m/images/dinosaur_spaceship_cut.png[39m" "Mozilla/5.0 (Macintosh; Intel Mac OS X 10_10_3) AppleWebKit/537.36 (KHTML, like Gecko) Chrome/43.0.2357.124 Safari/537.36"
[Thu, 18 Jun 2015 18:54:10 GMT] "[36mGET[39m [36m/images/github-64-black.png[39m" "Mozilla/5.0 (Macintosh; Intel Mac OS X 10_10_3) AppleWebKit/537.36 (KHTML, like Gecko) Chrome/43.0.2357.124 Safari/537.36"
[Thu, 18 Jun 2015 18:54:10 GMT] "[36mGET[39m [36m/images/linkedin-64-black.png[39m" "Mozilla/5.0 (Macintosh; Intel Mac OS X 10_10_3) AppleWebKit/537.36 (KHTML, like Gecko) Chrome/43.0.2357.124 Safari/537.36"
[Thu, 18 Jun 2015 18:54:10 GMT] "[36mGET[39m [36m/images/googleplus-64-black.png[39m" "Mozilla/5.0 (Macintosh; Intel Mac OS X 10_10_3) AppleWebKit/537.36 (KHTML, like Gecko) Chrome/43.0.2357.124 Safari/537.36"
[Thu, 18 Jun 2015 18:54:10 GMT] "[36mGET[39m [36m/images/gmail-64-black.png[39m" "Mozilla/5.0 (Macintosh; Intel Mac OS X 10_10_3) AppleWebKit/537.36 (KHTML, like Gecko) Chrome/43.0.2357.124 Safari/537.36"
[Thu, 18 Jun 2015 18:54:11 GMT] "[36mGET[39m [36m/images/cherry.JPG[39m" "Mozilla/5.0 (Macintosh; Intel Mac OS X 10_10_3) AppleWebKit/537.36 (KHTML, like Gecko) Chrome/43.0.2357.124 Safari/537.36"
[Thu, 18 Jun 2015 18:54:11 GMT] "[36mGET[39m [36m/favicon.ico[39m" "Mozilla/5.0 (Macintosh; Intel Mac OS X 10_10_3) AppleWebKit/537.36 (KHTML, like Gecko) Chrome/43.0.2357.124 Safari/537.36"
[Thu, 18 Jun 2015 18:56:27 GMT] "[36mGET[39m [36m/[39m" "Mozilla/5.0 (Macintosh; Intel Mac OS X 10_10_3) AppleWebKit/537.36 (KHTML, like Gecko) Chrome/43.0.2357.124 Safari/537.36"
[Thu, 18 Jun 2015 18:56:27 GMT] "[36mGET[39m [36m/css/stylesheet.css[39m" "Mozilla/5.0 (Macintosh; Intel Mac OS X 10_10_3) AppleWebKit/537.36 (KHTML, like Gecko) Chrome/43.0.2357.124 Safari/537.36"
[Thu, 18 Jun 2015 18:56:27 GMT] "[36mGET[39m [36m/images/profile_photo.jpg[39m" "Mozilla/5.0 (Macintosh; Intel Mac OS X 10_10_3) AppleWebKit/537.36 (KHTML, like Gecko) Chrome/43.0.2357.124 Safari/537.36"
[Thu, 18 Jun 2015 18:56:27 GMT] "[36mGET[39m [36m/js/parallax.min.js[39m" "Mozilla/5.0 (Macintosh; Intel Mac OS X 10_10_3) AppleWebKit/537.36 (KHTML, like Gecko) Chrome/43.0.2357.124 Safari/537.36"
[Thu, 18 Jun 2015 18:56:27 GMT] "[36mGET[39m [36m/js/index.js[39m" "Mozilla/5.0 (Macintosh; Intel Mac OS X 10_10_3) AppleWebKit/537.36 (KHTML, like Gecko) Chrome/43.0.2357.124 Safari/537.36"
[Thu, 18 Jun 2015 18:56:27 GMT] "[36mGET[39m [36m/images/amc_ga_02_portrait.jpg[39m" "Mozilla/5.0 (Macintosh; Intel Mac OS X 10_10_3) AppleWebKit/537.36 (KHTML, like Gecko) Chrome/43.0.2357.124 Safari/537.36"
[Thu, 18 Jun 2015 18:56:27 GMT] "[36mGET[39m [36m/images/speeches_cut.png[39m" "Mozilla/5.0 (Macintosh; Intel Mac OS X 10_10_3) AppleWebKit/537.36 (KHTML, like Gecko) Chrome/43.0.2357.124 Safari/537.36"
[Thu, 18 Jun 2015 18:56:27 GMT] "[36mGET[39m [36m/images/choperator_cut.png[39m" "Mozilla/5.0 (Macintosh; Intel Mac OS X 10_10_3) AppleWebKit/537.36 (KHTML, like Gecko) Chrome/43.0.2357.124 Safari/537.36"
[Thu, 18 Jun 2015 18:56:27 GMT] "[36mGET[39m [36m/images/dinosaur_spaceship_cut.png[39m" "Mozilla/5.0 (Macintosh; Intel Mac OS X 10_10_3) AppleWebKit/537.36 (KHTML, like Gecko) Chrome/43.0.2357.124 Safari/537.36"
[Thu, 18 Jun 2015 18:56:27 GMT] "[36mGET[39m [36m/images/github-64-black.png[39m" "Mozilla/5.0 (Macintosh; Intel Mac OS X 10_10_3) AppleWebKit/537.36 (KHTML, like Gecko) Chrome/43.0.2357.124 Safari/537.36"
[Thu, 18 Jun 2015 18:56:27 GMT] "[36mGET[39m [36m/images/linkedin-64-black.png[39m" "Mozilla/5.0 (Macintosh; Intel Mac OS X 10_10_3) AppleWebKit/537.36 (KHTML, like Gecko) Chrome/43.0.2357.124 Safari/537.36"
[Thu, 18 Jun 2015 18:56:27 GMT] "[36mGET[39m [36m/images/googleplus-64-black.png[39m" "Mozilla/5.0 (Macintosh; Intel Mac OS X 10_10_3) AppleWebKit/537.36 (KHTML, like Gecko) Chrome/43.0.2357.124 Safari/537.36"
[Thu, 18 Jun 2015 18:56:27 GMT] "[36mGET[39m [36m/images/gmail-64-black.png[39m" "Mozilla/5.0 (Macintosh; Intel Mac OS X 10_10_3) AppleWebKit/537.36 (KHTML, like Gecko) Chrome/43.0.2357.124 Safari/537.36"
[Thu, 18 Jun 2015 18:56:27 GMT] "[36mGET[39m [36m/images/cherry.JPG[39m" "Mozilla/5.0 (Macintosh; Intel Mac OS X 10_10_3) AppleWebKit/537.36 (KHTML, like Gecko) Chrome/43.0.2357.124 Safari/537.36"
[Thu, 18 Jun 2015 19:10:26 GMT] "[36mGET[39m [36m/[39m" "Mozilla/5.0 (Macintosh; Intel Mac OS X 10_10_3) AppleWebKit/537.36 (KHTML, like Gecko) Chrome/43.0.2357.124 Safari/537.36"
[Thu, 18 Jun 2015 19:10:26 GMT] "[36mGET[39m [36m/css/stylesheet.css[39m" "Mozilla/5.0 (Macintosh; Intel Mac OS X 10_10_3) AppleWebKit/537.36 (KHTML, like Gecko) Chrome/43.0.2357.124 Safari/537.36"
[Thu, 18 Jun 2015 19:10:26 GMT] "[36mGET[39m [36m/images/profile_photo.jpg[39m" "Mozilla/5.0 (Macintosh; Intel Mac OS X 10_10_3) AppleWebKit/537.36 (KHTML, like Gecko) Chrome/43.0.2357.124 Safari/537.36"
[Thu, 18 Jun 2015 19:10:26 GMT] "[36mGET[39m [36m/js/parallax.min.js[39m" "Mozilla/5.0 (Macintosh; Intel Mac OS X 10_10_3) AppleWebKit/537.36 (KHTML, like Gecko) Chrome/43.0.2357.124 Safari/537.36"
[Thu, 18 Jun 2015 19:10:26 GMT] "[36mGET[39m [36m/js/index.js[39m" "Mozilla/5.0 (Macintosh; Intel Mac OS X 10_10_3) AppleWebKit/537.36 (KHTML, like Gecko) Chrome/43.0.2357.124 Safari/537.36"
[Thu, 18 Jun 2015 19:10:26 GMT] "[36mGET[39m [36m/images/amc_ga_02_portrait.jpg[39m" "Mozilla/5.0 (Macintosh; Intel Mac OS X 10_10_3) AppleWebKit/537.36 (KHTML, like Gecko) Chrome/43.0.2357.124 Safari/537.36"
[Thu, 18 Jun 2015 19:10:26 GMT] "[36mGET[39m [36m/images/speeches_cut.png[39m" "Mozilla/5.0 (Macintosh; Intel Mac OS X 10_10_3) AppleWebKit/537.36 (KHTML, like Gecko) Chrome/43.0.2357.124 Safari/537.36"
[Thu, 18 Jun 2015 19:10:26 GMT] "[36mGET[39m [36m/images/choperator_cut.png[39m" "Mozilla/5.0 (Macintosh; Intel Mac OS X 10_10_3) AppleWebKit/537.36 (KHTML, like Gecko) Chrome/43.0.2357.124 Safari/537.36"
[Thu, 18 Jun 2015 19:10:26 GMT] "[36mGET[39m [36m/images/dinosaur_spaceship_cut.png[39m" "Mozilla/5.0 (Macintosh; Intel Mac OS X 10_10_3) AppleWebKit/537.36 (KHTML, like Gecko) Chrome/43.0.2357.124 Safari/537.36"
[Thu, 18 Jun 2015 19:10:26 GMT] "[36mGET[39m [36m/images/github-64-black.png[39m" "Mozilla/5.0 (Macintosh; Intel Mac OS X 10_10_3) AppleWebKit/537.36 (KHTML, like Gecko) Chrome/43.0.2357.124 Safari/537.36"
[Thu, 18 Jun 2015 19:10:26 GMT] "[36mGET[39m [36m/images/linkedin-64-black.png[39m" "Mozilla/5.0 (Macintosh; Intel Mac OS X 10_10_3) AppleWebKit/537.36 (KHTML, like Gecko) Chrome/43.0.2357.124 Safari/537.36"
[Thu, 18 Jun 2015 19:10:26 GMT] "[36mGET[39m [36m/images/googleplus-64-black.png[39m" "Mozilla/5.0 (Macintosh; Intel Mac OS X 10_10_3) AppleWebKit/537.36 (KHTML, like Gecko) Chrome/43.0.2357.124 Safari/537.36"
[Thu, 18 Jun 2015 19:10:26 GMT] "[36mGET[39m [36m/images/gmail-64-black.png[39m" "Mozilla/5.0 (Macintosh; Intel Mac OS X 10_10_3) AppleWebKit/537.36 (KHTML, like Gecko) Chrome/43.0.2357.124 Safari/537.36"
[Thu, 18 Jun 2015 19:10:26 GMT] "[36mGET[39m [36m/images/cherry.JPG[39m" "Mozilla/5.0 (Macintosh; Intel Mac OS X 10_10_3) AppleWebKit/537.36 (KHTML, like Gecko) Chrome/43.0.2357.124 Safari/537.36"
[Thu, 18 Jun 2015 19:20:10 GMT] "[36mGET[39m [36m/[39m" "Mozilla/5.0 (Macintosh; Intel Mac OS X 10_10_3) AppleWebKit/537.36 (KHTML, like Gecko) Chrome/43.0.2357.124 Safari/537.36"
[Thu, 18 Jun 2015 19:20:11 GMT] "[36mGET[39m [36m/css/stylesheet.css[39m" "Mozilla/5.0 (Macintosh; Intel Mac OS X 10_10_3) AppleWebKit/537.36 (KHTML, like Gecko) Chrome/43.0.2357.124 Safari/537.36"
[Thu, 18 Jun 2015 19:20:11 GMT] "[36mGET[39m [36m/images/profile_photo.jpg[39m" "Mozilla/5.0 (Macintosh; Intel Mac OS X 10_10_3) AppleWebKit/537.36 (KHTML, like Gecko) Chrome/43.0.2357.124 Safari/537.36"
[Thu, 18 Jun 2015 19:20:11 GMT] "[36mGET[39m [36m/js/parallax.min.js[39m" "Mozilla/5.0 (Macintosh; Intel Mac OS X 10_10_3) AppleWebKit/537.36 (KHTML, like Gecko) Chrome/43.0.2357.124 Safari/537.36"
[Thu, 18 Jun 2015 19:20:11 GMT] "[36mGET[39m [36m/js/index.js[39m" "Mozilla/5.0 (Macintosh; Intel Mac OS X 10_10_3) AppleWebKit/537.36 (KHTML, like Gecko) Chrome/43.0.2357.124 Safari/537.36"
[Thu, 18 Jun 2015 19:20:11 GMT] "[36mGET[39m [36m/images/amc_ga_02_portrait.jpg[39m" "Mozilla/5.0 (Macintosh; Intel Mac OS X 10_10_3) AppleWebKit/537.36 (KHTML, like Gecko) Chrome/43.0.2357.124 Safari/537.36"
[Thu, 18 Jun 2015 19:20:11 GMT] "[36mGET[39m [36m/images/speeches_cut.png[39m" "Mozilla/5.0 (Macintosh; Intel Mac OS X 10_10_3) AppleWebKit/537.36 (KHTML, like Gecko) Chrome/43.0.2357.124 Safari/537.36"
[Thu, 18 Jun 2015 19:20:11 GMT] "[36mGET[39m [36m/images/choperator_cut.png[39m" "Mozilla/5.0 (Macintosh; Intel Mac OS X 10_10_3) AppleWebKit/537.36 (KHTML, like Gecko) Chrome/43.0.2357.124 Safari/537.36"
[Thu, 18 Jun 2015 19:20:11 GMT] "[36mGET[39m [36m/images/dinosaur_spaceship_cut.png[39m" "Mozilla/5.0 (Macintosh; Intel Mac OS X 10_10_3) AppleWebKit/537.36 (KHTML, like Gecko) Chrome/43.0.2357.124 Safari/537.36"
[Thu, 18 Jun 2015 19:20:11 GMT] "[36mGET[39m [36m/images/github-64-black.png[39m" "Mozilla/5.0 (Macintosh; Intel Mac OS X 10_10_3) AppleWebKit/537.36 (KHTML, like Gecko) Chrome/43.0.2357.124 Safari/537.36"
[Thu, 18 Jun 2015 19:20:11 GMT] "[36mGET[39m [36m/images/linkedin-64-black.png[39m" "Mozilla/5.0 (Macintosh; Intel Mac OS X 10_10_3) AppleWebKit/537.36 (KHTML, like Gecko) Chrome/43.0.2357.124 Safari/537.36"
[Thu, 18 Jun 2015 19:20:11 GMT] "[36mGET[39m [36m/images/googleplus-64-black.png[39m" "Mozilla/5.0 (Macintosh; Intel Mac OS X 10_10_3) AppleWebKit/537.36 (KHTML, like Gecko) Chrome/43.0.2357.124 Safari/537.36"
[Thu, 18 Jun 2015 19:20:11 GMT] "[36mGET[39m [36m/images/gmail-64-black.png[39m" "Mozilla/5.0 (Macintosh; Intel Mac OS X 10_10_3) AppleWebKit/537.36 (KHTML, like Gecko) Chrome/43.0.2357.124 Safari/537.36"
[Thu, 18 Jun 2015 19:20:11 GMT] "[36mGET[39m [36m/images/cherry.JPG[39m" "Mozilla/5.0 (Macintosh; Intel Mac OS X 10_10_3) AppleWebKit/537.36 (KHTML, like Gecko) Chrome/43.0.2357.124 Safari/537.36"
[Thu, 18 Jun 2015 19:20:11 GMT] "[36mGET[39m [36m/favicon.ico[39m" "Mozilla/5.0 (Macintosh; Intel Mac OS X 10_10_3) AppleWebKit/537.36 (KHTML, like Gecko) Chrome/43.0.2357.124 Safari/537.36"
[Thu, 18 Jun 2015 19:24:21 GMT] "[36mGET[39m [36m/[39m" "Mozilla/5.0 (Macintosh; Intel Mac OS X 10_10_3) AppleWebKit/537.36 (KHTML, like Gecko) Chrome/43.0.2357.124 Safari/537.36"
[Thu, 18 Jun 2015 19:24:21 GMT] "[36mGET[39m [36m/css/stylesheet.css[39m" "Mozilla/5.0 (Macintosh; Intel Mac OS X 10_10_3) AppleWebKit/537.36 (KHTML, like Gecko) Chrome/43.0.2357.124 Safari/537.36"
[Thu, 18 Jun 2015 19:24:21 GMT] "[36mGET[39m [36m/images/profile_photo.jpg[39m" "Mozilla/5.0 (Macintosh; Intel Mac OS X 10_10_3) AppleWebKit/537.36 (KHTML, like Gecko) Chrome/43.0.2357.124 Safari/537.36"
[Thu, 18 Jun 2015 19:24:21 GMT] "[36mGET[39m [36m/js/parallax.min.js[39m" "Mozilla/5.0 (Macintosh; Intel Mac OS X 10_10_3) AppleWebKit/537.36 (KHTML, like Gecko) Chrome/43.0.2357.124 Safari/537.36"
[Thu, 18 Jun 2015 19:24:21 GMT] "[36mGET[39m [36m/js/index.js[39m" "Mozilla/5.0 (Macintosh; Intel Mac OS X 10_10_3) AppleWebKit/537.36 (KHTML, like Gecko) Chrome/43.0.2357.124 Safari/537.36"
[Thu, 18 Jun 2015 19:24:21 GMT] "[36mGET[39m [36m/images/amc_ga_02_portrait.jpg[39m" "Mozilla/5.0 (Macintosh; Intel Mac OS X 10_10_3) AppleWebKit/537.36 (KHTML, like Gecko) Chrome/43.0.2357.124 Safari/537.36"
[Thu, 18 Jun 2015 19:24:21 GMT] "[36mGET[39m [36m/images/speeches_cut.png[39m" "Mozilla/5.0 (Macintosh; Intel Mac OS X 10_10_3) AppleWebKit/537.36 (KHTML, like Gecko) Chrome/43.0.2357.124 Safari/537.36"
[Thu, 18 Jun 2015 19:24:21 GMT] "[36mGET[39m [36m/images/choperator_cut.png[39m" "Mozilla/5.0 (Macintosh; Intel Mac OS X 10_10_3) AppleWebKit/537.36 (KHTML, like Gecko) Chrome/43.0.2357.124 Safari/537.36"
[Thu, 18 Jun 2015 19:24:21 GMT] "[36mGET[39m [36m/images/dinosaur_spaceship_cut.png[39m" "Mozilla/5.0 (Macintosh; Intel Mac OS X 10_10_3) AppleWebKit/537.36 (KHTML, like Gecko) Chrome/43.0.2357.124 Safari/537.36"
[Thu, 18 Jun 2015 19:24:21 GMT] "[36mGET[39m [36m/images/github-64-black.png[39m" "Mozilla/5.0 (Macintosh; Intel Mac OS X 10_10_3) AppleWebKit/537.36 (KHTML, like Gecko) Chrome/43.0.2357.124 Safari/537.36"
[Thu, 18 Jun 2015 19:24:21 GMT] "[36mGET[39m [36m/images/linkedin-64-black.png[39m" "Mozilla/5.0 (Macintosh; Intel Mac OS X 10_10_3) AppleWebKit/537.36 (KHTML, like Gecko) Chrome/43.0.2357.124 Safari/537.36"
[Thu, 18 Jun 2015 19:24:21 GMT] "[36mGET[39m [36m/images/googleplus-64-black.png[39m" "Mozilla/5.0 (Macintosh; Intel Mac OS X 10_10_3) AppleWebKit/537.36 (KHTML, like Gecko) Chrome/43.0.2357.124 Safari/537.36"
[Thu, 18 Jun 2015 19:24:21 GMT] "[36mGET[39m [36m/images/gmail-64-black.png[39m" "Mozilla/5.0 (Macintosh; Intel Mac OS X 10_10_3) AppleWebKit/537.36 (KHTML, like Gecko) Chrome/43.0.2357.124 Safari/537.36"
[Thu, 18 Jun 2015 19:24:21 GMT] "[36mGET[39m [36m/images/cherry.JPG[39m" "Mozilla/5.0 (Macintosh; Intel Mac OS X 10_10_3) AppleWebKit/537.36 (KHTML, like Gecko) Chrome/43.0.2357.124 Safari/537.36"
[Thu, 18 Jun 2015 19:24:21 GMT] "[36mGET[39m [36m/favicon.ico[39m" "Mozilla/5.0 (Macintosh; Intel Mac OS X 10_10_3) AppleWebKit/537.36 (KHTML, like Gecko) Chrome/43.0.2357.124 Safari/537.36"
[Thu, 18 Jun 2015 19:32:06 GMT] "[36mGET[39m [36m/[39m" "Mozilla/5.0 (Macintosh; Intel Mac OS X 10_10_3) AppleWebKit/537.36 (KHTML, like Gecko) Chrome/43.0.2357.124 Safari/537.36"
[Thu, 18 Jun 2015 19:32:06 GMT] "[36mGET[39m [36m/css/stylesheet.css[39m" "Mozilla/5.0 (Macintosh; Intel Mac OS X 10_10_3) AppleWebKit/537.36 (KHTML, like Gecko) Chrome/43.0.2357.124 Safari/537.36"
[Thu, 18 Jun 2015 19:32:06 GMT] "[36mGET[39m [36m/images/profile_photo.jpg[39m" "Mozilla/5.0 (Macintosh; Intel Mac OS X 10_10_3) AppleWebKit/537.36 (KHTML, like Gecko) Chrome/43.0.2357.124 Safari/537.36"
[Thu, 18 Jun 2015 19:32:06 GMT] "[36mGET[39m [36m/js/parallax.min.js[39m" "Mozilla/5.0 (Macintosh; Intel Mac OS X 10_10_3) AppleWebKit/537.36 (KHTML, like Gecko) Chrome/43.0.2357.124 Safari/537.36"
[Thu, 18 Jun 2015 19:32:06 GMT] "[36mGET[39m [36m/js/index.js[39m" "Mozilla/5.0 (Macintosh; Intel Mac OS X 10_10_3) AppleWebKit/537.36 (KHTML, like Gecko) Chrome/43.0.2357.124 Safari/537.36"
[Thu, 18 Jun 2015 19:32:06 GMT] "[36mGET[39m [36m/images/amc_ga_02_portrait.jpg[39m" "Mozilla/5.0 (Macintosh; Intel Mac OS X 10_10_3) AppleWebKit/537.36 (KHTML, like Gecko) Chrome/43.0.2357.124 Safari/537.36"
[Thu, 18 Jun 2015 19:32:06 GMT] "[36mGET[39m [36m/images/speeches_cut.png[39m" "Mozilla/5.0 (Macintosh; Intel Mac OS X 10_10_3) AppleWebKit/537.36 (KHTML, like Gecko) Chrome/43.0.2357.124 Safari/537.36"
[Thu, 18 Jun 2015 19:32:06 GMT] "[36mGET[39m [36m/images/choperator_cut.png[39m" "Mozilla/5.0 (Macintosh; Intel Mac OS X 10_10_3) AppleWebKit/537.36 (KHTML, like Gecko) Chrome/43.0.2357.124 Safari/537.36"
[Thu, 18 Jun 2015 19:32:06 GMT] "[36mGET[39m [36m/images/dinosaur_spaceship_cut.png[39m" "Mozilla/5.0 (Macintosh; Intel Mac OS X 10_10_3) AppleWebKit/537.36 (KHTML, like Gecko) Chrome/43.0.2357.124 Safari/537.36"
[Thu, 18 Jun 2015 19:32:06 GMT] "[36mGET[39m [36m/images/github-64-black.png[39m" "Mozilla/5.0 (Macintosh; Intel Mac OS X 10_10_3) AppleWebKit/537.36 (KHTML, like Gecko) Chrome/43.0.2357.124 Safari/537.36"
[Thu, 18 Jun 2015 19:32:06 GMT] "[36mGET[39m [36m/images/linkedin-64-black.png[39m" "Mozilla/5.0 (Macintosh; Intel Mac OS X 10_10_3) AppleWebKit/537.36 (KHTML, like Gecko) Chrome/43.0.2357.124 Safari/537.36"
[Thu, 18 Jun 2015 19:32:06 GMT] "[36mGET[39m [36m/images/googleplus-64-black.png[39m" "Mozilla/5.0 (Macintosh; Intel Mac OS X 10_10_3) AppleWebKit/537.36 (KHTML, like Gecko) Chrome/43.0.2357.124 Safari/537.36"
[Thu, 18 Jun 2015 19:32:06 GMT] "[36mGET[39m [36m/images/gmail-64-black.png[39m" "Mozilla/5.0 (Macintosh; Intel Mac OS X 10_10_3) AppleWebKit/537.36 (KHTML, like Gecko) Chrome/43.0.2357.124 Safari/537.36"
[Thu, 18 Jun 2015 19:32:06 GMT] "[36mGET[39m [36m/images/cherry.JPG[39m" "Mozilla/5.0 (Macintosh; Intel Mac OS X 10_10_3) AppleWebKit/537.36 (KHTML, like Gecko) Chrome/43.0.2357.124 Safari/537.36"
[Thu, 18 Jun 2015 19:32:07 GMT] "[36mGET[39m [36m/favicon.ico[39m" "Mozilla/5.0 (Macintosh; Intel Mac OS X 10_10_3) AppleWebKit/537.36 (KHTML, like Gecko) Chrome/43.0.2357.124 Safari/537.36"
[Thu, 18 Jun 2015 19:32:16 GMT] "[36mGET[39m [36m/[39m" "Mozilla/5.0 (Macintosh; Intel Mac OS X 10_10_3) AppleWebKit/537.36 (KHTML, like Gecko) Chrome/43.0.2357.124 Safari/537.36"
[Thu, 18 Jun 2015 19:32:17 GMT] "[36mGET[39m [36m/css/stylesheet.css[39m" "Mozilla/5.0 (Macintosh; Intel Mac OS X 10_10_3) AppleWebKit/537.36 (KHTML, like Gecko) Chrome/43.0.2357.124 Safari/537.36"
[Thu, 18 Jun 2015 19:32:17 GMT] "[36mGET[39m [36m/images/profile_photo.jpg[39m" "Mozilla/5.0 (Macintosh; Intel Mac OS X 10_10_3) AppleWebKit/537.36 (KHTML, like Gecko) Chrome/43.0.2357.124 Safari/537.36"
[Thu, 18 Jun 2015 19:32:17 GMT] "[36mGET[39m [36m/js/parallax.min.js[39m" "Mozilla/5.0 (Macintosh; Intel Mac OS X 10_10_3) AppleWebKit/537.36 (KHTML, like Gecko) Chrome/43.0.2357.124 Safari/537.36"
[Thu, 18 Jun 2015 19:32:17 GMT] "[36mGET[39m [36m/js/index.js[39m" "Mozilla/5.0 (Macintosh; Intel Mac OS X 10_10_3) AppleWebKit/537.36 (KHTML, like Gecko) Chrome/43.0.2357.124 Safari/537.36"
[Thu, 18 Jun 2015 19:32:17 GMT] "[36mGET[39m [36m/images/amc_ga_02_portrait.jpg[39m" "Mozilla/5.0 (Macintosh; Intel Mac OS X 10_10_3) AppleWebKit/537.36 (KHTML, like Gecko) Chrome/43.0.2357.124 Safari/537.36"
[Thu, 18 Jun 2015 19:32:17 GMT] "[36mGET[39m [36m/images/speeches_cut.png[39m" "Mozilla/5.0 (Macintosh; Intel Mac OS X 10_10_3) AppleWebKit/537.36 (KHTML, like Gecko) Chrome/43.0.2357.124 Safari/537.36"
[Thu, 18 Jun 2015 19:32:17 GMT] "[36mGET[39m [36m/images/choperator_cut.png[39m" "Mozilla/5.0 (Macintosh; Intel Mac OS X 10_10_3) AppleWebKit/537.36 (KHTML, like Gecko) Chrome/43.0.2357.124 Safari/537.36"
[Thu, 18 Jun 2015 19:32:17 GMT] "[36mGET[39m [36m/images/dinosaur_spaceship_cut.png[39m" "Mozilla/5.0 (Macintosh; Intel Mac OS X 10_10_3) AppleWebKit/537.36 (KHTML, like Gecko) Chrome/43.0.2357.124 Safari/537.36"
[Thu, 18 Jun 2015 19:32:17 GMT] "[36mGET[39m [36m/images/github-64-black.png[39m" "Mozilla/5.0 (Macintosh; Intel Mac OS X 10_10_3) AppleWebKit/537.36 (KHTML, like Gecko) Chrome/43.0.2357.124 Safari/537.36"
[Thu, 18 Jun 2015 19:32:17 GMT] "[36mGET[39m [36m/images/linkedin-64-black.png[39m" "Mozilla/5.0 (Macintosh; Intel Mac OS X 10_10_3) AppleWebKit/537.36 (KHTML, like Gecko) Chrome/43.0.2357.124 Safari/537.36"
[Thu, 18 Jun 2015 19:32:17 GMT] "[36mGET[39m [36m/images/googleplus-64-black.png[39m" "Mozilla/5.0 (Macintosh; Intel Mac OS X 10_10_3) AppleWebKit/537.36 (KHTML, like Gecko) Chrome/43.0.2357.124 Safari/537.36"
[Thu, 18 Jun 2015 19:32:17 GMT] "[36mGET[39m [36m/images/gmail-64-black.png[39m" "Mozilla/5.0 (Macintosh; Intel Mac OS X 10_10_3) AppleWebKit/537.36 (KHTML, like Gecko) Chrome/43.0.2357.124 Safari/537.36"
[Thu, 18 Jun 2015 19:32:17 GMT] "[36mGET[39m [36m/images/cherry.JPG[39m" "Mozilla/5.0 (Macintosh; Intel Mac OS X 10_10_3) AppleWebKit/537.36 (KHTML, like Gecko) Chrome/43.0.2357.124 Safari/537.36"
[Thu, 18 Jun 2015 19:32:17 GMT] "[36mGET[39m [36m/favicon.ico[39m" "Mozilla/5.0 (Macintosh; Intel Mac OS X 10_10_3) AppleWebKit/537.36 (KHTML, like Gecko) Chrome/43.0.2357.124 Safari/537.36"
[Thu, 18 Jun 2015 19:36:20 GMT] "[36mGET[39m [36m/[39m" "Mozilla/5.0 (Macintosh; Intel Mac OS X 10_10_3) AppleWebKit/537.36 (KHTML, like Gecko) Chrome/43.0.2357.124 Safari/537.36"
[Thu, 18 Jun 2015 19:36:20 GMT] "[36mGET[39m [36m/css/stylesheet.css[39m" "Mozilla/5.0 (Macintosh; Intel Mac OS X 10_10_3) AppleWebKit/537.36 (KHTML, like Gecko) Chrome/43.0.2357.124 Safari/537.36"
[Thu, 18 Jun 2015 19:36:20 GMT] "[36mGET[39m [36m/images/profile_photo.jpg[39m" "Mozilla/5.0 (Macintosh; Intel Mac OS X 10_10_3) AppleWebKit/537.36 (KHTML, like Gecko) Chrome/43.0.2357.124 Safari/537.36"
[Thu, 18 Jun 2015 19:36:20 GMT] "[36mGET[39m [36m/js/parallax.min.js[39m" "Mozilla/5.0 (Macintosh; Intel Mac OS X 10_10_3) AppleWebKit/537.36 (KHTML, like Gecko) Chrome/43.0.2357.124 Safari/537.36"
[Thu, 18 Jun 2015 19:36:20 GMT] "[36mGET[39m [36m/js/index.js[39m" "Mozilla/5.0 (Macintosh; Intel Mac OS X 10_10_3) AppleWebKit/537.36 (KHTML, like Gecko) Chrome/43.0.2357.124 Safari/537.36"
[Thu, 18 Jun 2015 19:36:20 GMT] "[36mGET[39m [36m/images/amc_ga_02_portrait.jpg[39m" "Mozilla/5.0 (Macintosh; Intel Mac OS X 10_10_3) AppleWebKit/537.36 (KHTML, like Gecko) Chrome/43.0.2357.124 Safari/537.36"
[Thu, 18 Jun 2015 19:36:20 GMT] "[36mGET[39m [36m/images/speeches_cut.png[39m" "Mozilla/5.0 (Macintosh; Intel Mac OS X 10_10_3) AppleWebKit/537.36 (KHTML, like Gecko) Chrome/43.0.2357.124 Safari/537.36"
[Thu, 18 Jun 2015 19:36:20 GMT] "[36mGET[39m [36m/images/choperator_cut.png[39m" "Mozilla/5.0 (Macintosh; Intel Mac OS X 10_10_3) AppleWebKit/537.36 (KHTML, like Gecko) Chrome/43.0.2357.124 Safari/537.36"
[Thu, 18 Jun 2015 19:36:20 GMT] "[36mGET[39m [36m/images/dinosaur_spaceship_cut.png[39m" "Mozilla/5.0 (Macintosh; Intel Mac OS X 10_10_3) AppleWebKit/537.36 (KHTML, like Gecko) Chrome/43.0.2357.124 Safari/537.36"
[Thu, 18 Jun 2015 19:36:20 GMT] "[36mGET[39m [36m/images/github-64-black.png[39m" "Mozilla/5.0 (Macintosh; Intel Mac OS X 10_10_3) AppleWebKit/537.36 (KHTML, like Gecko) Chrome/43.0.2357.124 Safari/537.36"
[Thu, 18 Jun 2015 19:36:20 GMT] "[36mGET[39m [36m/images/linkedin-64-black.png[39m" "Mozilla/5.0 (Macintosh; Intel Mac OS X 10_10_3) AppleWebKit/537.36 (KHTML, like Gecko) Chrome/43.0.2357.124 Safari/537.36"
[Thu, 18 Jun 2015 19:36:20 GMT] "[36mGET[39m [36m/images/googleplus-64-black.png[39m" "Mozilla/5.0 (Macintosh; Intel Mac OS X 10_10_3) AppleWebKit/537.36 (KHTML, like Gecko) Chrome/43.0.2357.124 Safari/537.36"
[Thu, 18 Jun 2015 19:36:20 GMT] "[36mGET[39m [36m/images/gmail-64-black.png[39m" "Mozilla/5.0 (Macintosh; Intel Mac OS X 10_10_3) AppleWebKit/537.36 (KHTML, like Gecko) Chrome/43.0.2357.124 Safari/537.36"
[Thu, 18 Jun 2015 19:36:20 GMT] "[36mGET[39m [36m/images/cherry.JPG[39m" "Mozilla/5.0 (Macintosh; Intel Mac OS X 10_10_3) AppleWebKit/537.36 (KHTML, like Gecko) Chrome/43.0.2357.124 Safari/537.36"
[Thu, 18 Jun 2015 19:36:20 GMT] "[36mGET[39m [36m/favicon.ico[39m" "Mozilla/5.0 (Macintosh; Intel Mac OS X 10_10_3) AppleWebKit/537.36 (KHTML, like Gecko) Chrome/43.0.2357.124 Safari/537.36"
[Thu, 18 Jun 2015 19:37:19 GMT] "[36mGET[39m [36m/[39m" "Mozilla/5.0 (Macintosh; Intel Mac OS X 10_10_3) AppleWebKit/537.36 (KHTML, like Gecko) Chrome/43.0.2357.124 Safari/537.36"
[Thu, 18 Jun 2015 19:37:19 GMT] "[36mGET[39m [36m/css/stylesheet.css[39m" "Mozilla/5.0 (Macintosh; Intel Mac OS X 10_10_3) AppleWebKit/537.36 (KHTML, like Gecko) Chrome/43.0.2357.124 Safari/537.36"
[Thu, 18 Jun 2015 19:37:19 GMT] "[36mGET[39m [36m/images/profile_photo.jpg[39m" "Mozilla/5.0 (Macintosh; Intel Mac OS X 10_10_3) AppleWebKit/537.36 (KHTML, like Gecko) Chrome/43.0.2357.124 Safari/537.36"
[Thu, 18 Jun 2015 19:37:19 GMT] "[36mGET[39m [36m/js/parallax.min.js[39m" "Mozilla/5.0 (Macintosh; Intel Mac OS X 10_10_3) AppleWebKit/537.36 (KHTML, like Gecko) Chrome/43.0.2357.124 Safari/537.36"
[Thu, 18 Jun 2015 19:37:19 GMT] "[36mGET[39m [36m/js/index.js[39m" "Mozilla/5.0 (Macintosh; Intel Mac OS X 10_10_3) AppleWebKit/537.36 (KHTML, like Gecko) Chrome/43.0.2357.124 Safari/537.36"
[Thu, 18 Jun 2015 19:37:19 GMT] "[36mGET[39m [36m/images/amc_ga_02_portrait.jpg[39m" "Mozilla/5.0 (Macintosh; Intel Mac OS X 10_10_3) AppleWebKit/537.36 (KHTML, like Gecko) Chrome/43.0.2357.124 Safari/537.36"
[Thu, 18 Jun 2015 19:37:19 GMT] "[36mGET[39m [36m/images/speeches_cut.png[39m" "Mozilla/5.0 (Macintosh; Intel Mac OS X 10_10_3) AppleWebKit/537.36 (KHTML, like Gecko) Chrome/43.0.2357.124 Safari/537.36"
[Thu, 18 Jun 2015 19:37:19 GMT] "[36mGET[39m [36m/images/choperator_cut.png[39m" "Mozilla/5.0 (Macintosh; Intel Mac OS X 10_10_3) AppleWebKit/537.36 (KHTML, like Gecko) Chrome/43.0.2357.124 Safari/537.36"
[Thu, 18 Jun 2015 19:37:19 GMT] "[36mGET[39m [36m/images/dinosaur_spaceship_cut.png[39m" "Mozilla/5.0 (Macintosh; Intel Mac OS X 10_10_3) AppleWebKit/537.36 (KHTML, like Gecko) Chrome/43.0.2357.124 Safari/537.36"
[Thu, 18 Jun 2015 19:37:19 GMT] "[36mGET[39m [36m/images/github-64-black.png[39m" "Mozilla/5.0 (Macintosh; Intel Mac OS X 10_10_3) AppleWebKit/537.36 (KHTML, like Gecko) Chrome/43.0.2357.124 Safari/537.36"
[Thu, 18 Jun 2015 19:37:19 GMT] "[36mGET[39m [36m/images/linkedin-64-black.png[39m" "Mozilla/5.0 (Macintosh; Intel Mac OS X 10_10_3) AppleWebKit/537.36 (KHTML, like Gecko) Chrome/43.0.2357.124 Safari/537.36"
[Thu, 18 Jun 2015 19:37:19 GMT] "[36mGET[39m [36m/images/googleplus-64-black.png[39m" "Mozilla/5.0 (Macintosh; Intel Mac OS X 10_10_3) AppleWebKit/537.36 (KHTML, like Gecko) Chrome/43.0.2357.124 Safari/537.36"
[Thu, 18 Jun 2015 19:37:19 GMT] "[36mGET[39m [36m/images/gmail-64-black.png[39m" "Mozilla/5.0 (Macintosh; Intel Mac OS X 10_10_3) AppleWebKit/537.36 (KHTML, like Gecko) Chrome/43.0.2357.124 Safari/537.36"
[Thu, 18 Jun 2015 19:37:19 GMT] "[36mGET[39m [36m/images/cherry.JPG[39m" "Mozilla/5.0 (Macintosh; Intel Mac OS X 10_10_3) AppleWebKit/537.36 (KHTML, like Gecko) Chrome/43.0.2357.124 Safari/537.36"
[Thu, 18 Jun 2015 19:37:20 GMT] "[36mGET[39m [36m/favicon.ico[39m" "Mozilla/5.0 (Macintosh; Intel Mac OS X 10_10_3) AppleWebKit/537.36 (KHTML, like Gecko) Chrome/43.0.2357.124 Safari/537.36"
[Tue, 23 Jun 2015 01:41:10 GMT] "[36mGET[39m [36m/[39m" "Mozilla/5.0 (Macintosh; Intel Mac OS X 10_10_3) AppleWebKit/537.36 (KHTML, like Gecko) Chrome/43.0.2357.124 Safari/537.36"
[Tue, 23 Jun 2015 01:41:10 GMT] "[36mGET[39m [36m/css/stylesheet.css[39m" "Mozilla/5.0 (Macintosh; Intel Mac OS X 10_10_3) AppleWebKit/537.36 (KHTML, like Gecko) Chrome/43.0.2357.124 Safari/537.36"
[Tue, 23 Jun 2015 01:41:10 GMT] "[36mGET[39m [36m/images/profile_photo.jpg[39m" "Mozilla/5.0 (Macintosh; Intel Mac OS X 10_10_3) AppleWebKit/537.36 (KHTML, like Gecko) Chrome/43.0.2357.124 Safari/537.36"
[Tue, 23 Jun 2015 01:41:10 GMT] "[36mGET[39m [36m/js/parallax.min.js[39m" "Mozilla/5.0 (Macintosh; Intel Mac OS X 10_10_3) AppleWebKit/537.36 (KHTML, like Gecko) Chrome/43.0.2357.124 Safari/537.36"
[Tue, 23 Jun 2015 01:41:10 GMT] "[36mGET[39m [36m/js/index.js[39m" "Mozilla/5.0 (Macintosh; Intel Mac OS X 10_10_3) AppleWebKit/537.36 (KHTML, like Gecko) Chrome/43.0.2357.124 Safari/537.36"
[Tue, 23 Jun 2015 01:41:11 GMT] "[36mGET[39m [36m/images/amc_ga_02_portrait.jpg[39m" "Mozilla/5.0 (Macintosh; Intel Mac OS X 10_10_3) AppleWebKit/537.36 (KHTML, like Gecko) Chrome/43.0.2357.124 Safari/537.36"
[Tue, 23 Jun 2015 01:41:11 GMT] "[36mGET[39m [36m/images/speeches_cut.png[39m" "Mozilla/5.0 (Macintosh; Intel Mac OS X 10_10_3) AppleWebKit/537.36 (KHTML, like Gecko) Chrome/43.0.2357.124 Safari/537.36"
[Tue, 23 Jun 2015 01:41:11 GMT] "[36mGET[39m [36m/images/choperator_cut.png[39m" "Mozilla/5.0 (Macintosh; Intel Mac OS X 10_10_3) AppleWebKit/537.36 (KHTML, like Gecko) Chrome/43.0.2357.124 Safari/537.36"
[Tue, 23 Jun 2015 01:41:11 GMT] "[36mGET[39m [36m/images/dinosaur_spaceship_cut.png[39m" "Mozilla/5.0 (Macintosh; Intel Mac OS X 10_10_3) AppleWebKit/537.36 (KHTML, like Gecko) Chrome/43.0.2357.124 Safari/537.36"
[Tue, 23 Jun 2015 01:41:11 GMT] "[36mGET[39m [36m/images/github-64-black.png[39m" "Mozilla/5.0 (Macintosh; Intel Mac OS X 10_10_3) AppleWebKit/537.36 (KHTML, like Gecko) Chrome/43.0.2357.124 Safari/537.36"
[Tue, 23 Jun 2015 01:41:11 GMT] "[36mGET[39m [36m/images/linkedin-64-black.png[39m" "Mozilla/5.0 (Macintosh; Intel Mac OS X 10_10_3) AppleWebKit/537.36 (KHTML, like Gecko) Chrome/43.0.2357.124 Safari/537.36"
[Tue, 23 Jun 2015 01:41:11 GMT] "[36mGET[39m [36m/images/googleplus-64-black.png[39m" "Mozilla/5.0 (Macintosh; Intel Mac OS X 10_10_3) AppleWebKit/537.36 (KHTML, like Gecko) Chrome/43.0.2357.124 Safari/537.36"
[Tue, 23 Jun 2015 01:41:11 GMT] "[36mGET[39m [36m/images/gmail-64-black.png[39m" "Mozilla/5.0 (Macintosh; Intel Mac OS X 10_10_3) AppleWebKit/537.36 (KHTML, like Gecko) Chrome/43.0.2357.124 Safari/537.36"
[Tue, 23 Jun 2015 01:41:11 GMT] "[36mGET[39m [36m/images/cherry.JPG[39m" "Mozilla/5.0 (Macintosh; Intel Mac OS X 10_10_3) AppleWebKit/537.36 (KHTML, like Gecko) Chrome/43.0.2357.124 Safari/537.36"

events.js:72
        throw er; // Unhandled 'error' event
              ^
Error: listen EACCES
    at errnoException (net.js:904:11)
    at Server._listen2 (net.js:1023:19)
    at listen (net.js:1064:10)
    at net.js:1146:9
    at dns.js:72:18
    at process._tickCallback (node.js:419:13)
    at Function.Module.runMain (module.js:499:11)
    at startup (node.js:119:16)
    at node.js:906:3
[33mStarting up http-server, serving [39m[36m./[39m[33m on: [39m[36mhttp://0.0.0.0:2005[39m
Hit CTRL-C to stop the server
[Mon, 06 Jul 2015 19:26:41 GMT] "[36mGET[39m [36m/[39m" "Mozilla/5.0 (Macintosh; Intel Mac OS X 10_10_4) AppleWebKit/537.36 (KHTML, like Gecko) Chrome/43.0.2357.130 Safari/537.36"
[Mon, 06 Jul 2015 19:26:42 GMT] "[36mGET[39m [36m/css/stylesheet.css[39m" "Mozilla/5.0 (Macintosh; Intel Mac OS X 10_10_4) AppleWebKit/537.36 (KHTML, like Gecko) Chrome/43.0.2357.130 Safari/537.36"
[Mon, 06 Jul 2015 19:26:42 GMT] "[36mGET[39m [36m/images/profile_photo.jpg[39m" "Mozilla/5.0 (Macintosh; Intel Mac OS X 10_10_4) AppleWebKit/537.36 (KHTML, like Gecko) Chrome/43.0.2357.130 Safari/537.36"
[Mon, 06 Jul 2015 19:26:42 GMT] "[36mGET[39m [36m/js/parallax.min.js[39m" "Mozilla/5.0 (Macintosh; Intel Mac OS X 10_10_4) AppleWebKit/537.36 (KHTML, like Gecko) Chrome/43.0.2357.130 Safari/537.36"
[Mon, 06 Jul 2015 19:26:42 GMT] "[36mGET[39m [36m/js/index.js[39m" "Mozilla/5.0 (Macintosh; Intel Mac OS X 10_10_4) AppleWebKit/537.36 (KHTML, like Gecko) Chrome/43.0.2357.130 Safari/537.36"
[Mon, 06 Jul 2015 19:26:42 GMT] "[36mGET[39m [36m/images/amc_ga_02_portrait.jpg[39m" "Mozilla/5.0 (Macintosh; Intel Mac OS X 10_10_4) AppleWebKit/537.36 (KHTML, like Gecko) Chrome/43.0.2357.130 Safari/537.36"
[Mon, 06 Jul 2015 19:26:42 GMT] "[36mGET[39m [36m/images/speeches_cut.png[39m" "Mozilla/5.0 (Macintosh; Intel Mac OS X 10_10_4) AppleWebKit/537.36 (KHTML, like Gecko) Chrome/43.0.2357.130 Safari/537.36"
[Mon, 06 Jul 2015 19:26:42 GMT] "[36mGET[39m [36m/images/choperator_cut.png[39m" "Mozilla/5.0 (Macintosh; Intel Mac OS X 10_10_4) AppleWebKit/537.36 (KHTML, like Gecko) Chrome/43.0.2357.130 Safari/537.36"
[Mon, 06 Jul 2015 19:26:42 GMT] "[36mGET[39m [36m/images/dinosaur_spaceship_cut.png[39m" "Mozilla/5.0 (Macintosh; Intel Mac OS X 10_10_4) AppleWebKit/537.36 (KHTML, like Gecko) Chrome/43.0.2357.130 Safari/537.36"
[Mon, 06 Jul 2015 19:26:42 GMT] "[36mGET[39m [36m/images/github-64-black.png[39m" "Mozilla/5.0 (Macintosh; Intel Mac OS X 10_10_4) AppleWebKit/537.36 (KHTML, like Gecko) Chrome/43.0.2357.130 Safari/537.36"
[Mon, 06 Jul 2015 19:26:42 GMT] "[36mGET[39m [36m/images/gmail-64-black.png[39m" "Mozilla/5.0 (Macintosh; Intel Mac OS X 10_10_4) AppleWebKit/537.36 (KHTML, like Gecko) Chrome/43.0.2357.130 Safari/537.36"
[Mon, 06 Jul 2015 19:26:42 GMT] "[36mGET[39m [36m/images/cherry.JPG[39m" "Mozilla/5.0 (Macintosh; Intel Mac OS X 10_10_4) AppleWebKit/537.36 (KHTML, like Gecko) Chrome/43.0.2357.130 Safari/537.36"
[Mon, 06 Jul 2015 19:26:43 GMT] "[36mGET[39m [36m/favicon.ico[39m" "Mozilla/5.0 (Macintosh; Intel Mac OS X 10_10_4) AppleWebKit/537.36 (KHTML, like Gecko) Chrome/43.0.2357.130 Safari/537.36"
[Fri, 10 Jul 2015 14:45:11 GMT] "[36mGET[39m [36m/[39m" "Mozilla/5.0 (Macintosh; Intel Mac OS X 10_10_4) AppleWebKit/537.36 (KHTML, like Gecko) Chrome/43.0.2357.132 Safari/537.36"
[Fri, 10 Jul 2015 14:45:12 GMT] "[36mGET[39m [36m/css/stylesheet.css[39m" "Mozilla/5.0 (Macintosh; Intel Mac OS X 10_10_4) AppleWebKit/537.36 (KHTML, like Gecko) Chrome/43.0.2357.132 Safari/537.36"
[Fri, 10 Jul 2015 14:45:12 GMT] "[36mGET[39m [36m/images/profile_photo.jpg[39m" "Mozilla/5.0 (Macintosh; Intel Mac OS X 10_10_4) AppleWebKit/537.36 (KHTML, like Gecko) Chrome/43.0.2357.132 Safari/537.36"
[Fri, 10 Jul 2015 14:45:12 GMT] "[36mGET[39m [36m/js/parallax.min.js[39m" "Mozilla/5.0 (Macintosh; Intel Mac OS X 10_10_4) AppleWebKit/537.36 (KHTML, like Gecko) Chrome/43.0.2357.132 Safari/537.36"
[Fri, 10 Jul 2015 14:45:12 GMT] "[36mGET[39m [36m/js/index.js[39m" "Mozilla/5.0 (Macintosh; Intel Mac OS X 10_10_4) AppleWebKit/537.36 (KHTML, like Gecko) Chrome/43.0.2357.132 Safari/537.36"
[Fri, 10 Jul 2015 14:45:12 GMT] "[36mGET[39m [36m/images/amc_ga_02_portrait.jpg[39m" "Mozilla/5.0 (Macintosh; Intel Mac OS X 10_10_4) AppleWebKit/537.36 (KHTML, like Gecko) Chrome/43.0.2357.132 Safari/537.36"
[Fri, 10 Jul 2015 14:45:12 GMT] "[36mGET[39m [36m/images/speeches_cut.png[39m" "Mozilla/5.0 (Macintosh; Intel Mac OS X 10_10_4) AppleWebKit/537.36 (KHTML, like Gecko) Chrome/43.0.2357.132 Safari/537.36"
[Fri, 10 Jul 2015 14:45:12 GMT] "[36mGET[39m [36m/images/choperator_cut.png[39m" "Mozilla/5.0 (Macintosh; Intel Mac OS X 10_10_4) AppleWebKit/537.36 (KHTML, like Gecko) Chrome/43.0.2357.132 Safari/537.36"
[Fri, 10 Jul 2015 14:45:12 GMT] "[36mGET[39m [36m/images/dinosaur_spaceship_cut.png[39m" "Mozilla/5.0 (Macintosh; Intel Mac OS X 10_10_4) AppleWebKit/537.36 (KHTML, like Gecko) Chrome/43.0.2357.132 Safari/537.36"
[Fri, 10 Jul 2015 14:45:12 GMT] "[36mGET[39m [36m/images/github-64-black.png[39m" "Mozilla/5.0 (Macintosh; Intel Mac OS X 10_10_4) AppleWebKit/537.36 (KHTML, like Gecko) Chrome/43.0.2357.132 Safari/537.36"
[Fri, 10 Jul 2015 14:45:12 GMT] "[36mGET[39m [36m/images/gmail-64-black.png[39m" "Mozilla/5.0 (Macintosh; Intel Mac OS X 10_10_4) AppleWebKit/537.36 (KHTML, like Gecko) Chrome/43.0.2357.132 Safari/537.36"
[Fri, 10 Jul 2015 14:45:13 GMT] "[36mGET[39m [36m/images/cherry.JPG[39m" "Mozilla/5.0 (Macintosh; Intel Mac OS X 10_10_4) AppleWebKit/537.36 (KHTML, like Gecko) Chrome/43.0.2357.132 Safari/537.36"
[Fri, 10 Jul 2015 14:45:14 GMT] "[36mGET[39m [36m/favicon.ico[39m" "Mozilla/5.0 (Macintosh; Intel Mac OS X 10_10_4) AppleWebKit/537.36 (KHTML, like Gecko) Chrome/43.0.2357.132 Safari/537.36"
